<?xml version="1.0" encoding="UTF-8"?>
<!-- Generated by org.testng.reporters.JUnitReportReporter -->
<testsuite hostname="DESKTOP-3FASMNM" failures="0" tests="1" name="com.qa.tests.Testcase1" time="26.871" errors="0" timestamp="2024-04-14T19:10:45 IST" skipped="0">
  <testcase classname="com.qa.tests.Testcase1" name="enterCredentialsTestMethod" time="26.871"/>
  <system-out/>
</testsuite> <!-- com.qa.tests.Testcase1 -->
